<?xml version="1.0" encoding="UTF-8"?>
<testsuite xmlns:xsi="http://www.w3.org/2001/XMLSchema-instance" xsi:noNamespaceSchemaLocation="https://maven.apache.org/surefire/maven-surefire-plugin/xsd/surefire-test-report.xsd" name="mx.com.mtlsa.billing.service.AppTest" time="0.083" tests="1" errors="0" skipped="0" failures="0">
  <properties>
    <property name="sun.desktop" value="windows"/>
    <property name="awt.toolkit" value="sun.awt.windows.WToolkit"/>
    <property name="file.encoding.pkg" value="sun.io"/>
    <property name="java.specification.version" value="1.8"/>
    <property name="sun.cpu.isalist" value="amd64"/>
    <property name="sun.jnu.encoding" value="Cp1252"/>
    <property name="java.class.path" value="C:\workMetalsa\metalsaFacWebLogic\metalsa-billing\mtlsa-billing-service\target\test-classes;C:\workMetalsa\metalsaFacWebLogic\metalsa-billing\mtlsa-billing-service\target\classes;C:\workMetalsa\metalsaFacWebLogic\metalsa-billing\mtsla-billing-dao\target\mtsla-billing-dao-1.0.1.jar;C:\Users\Usuario\.m2\repository\javax\ejb\ejb-api\3.0\ejb-api-3.0.jar;C:\workMetalsa\metalsaFacWebLogic\metalsa-billing\mtlsa-billing-entity\target\mtlsa-billing-entity-1.0.1.jar;C:\workMetalsa\metalsaFacWebLogic\metalsa-billing\mtlsa-billing-utils\target\mtlsa-billing-utils-1.0.1.jar;C:\Users\Usuario\.m2\repository\commons-net\commons-net\3.6\commons-net-3.6.jar;C:\Users\Usuario\.m2\repository\log4j\log4j\1.2.17\log4j-1.2.17.jar;C:\Users\Usuario\.m2\repository\com\jcraft\jsch\0.1.54\jsch-0.1.54.jar;C:\Users\Usuario\.m2\repository\org\apache\logging\log4j\log4j-core\2.14.0\log4j-core-2.14.0.jar;C:\Users\Usuario\.m2\repository\org\apache\logging\log4j\log4j-api\2.14.0\log4j-api-2.14.0.jar;C:\workMetalsa\metalsaFacWebLogic\metalsa-billing\mtlsa-billing-dto\target\mtlsa-billing-dto-1.0.1.jar;C:\workMetalsa\metalsaFacWebLogic\metalsa-billing\mtlsa-billing-client\target\mtlsa-billing-client-1.0.1.jar;C:\Users\Usuario\.m2\repository\org\apache\clerezza\ext\org.json.simple\0.4\org.json.simple-0.4.jar;C:\Users\Usuario\.m2\repository\com\googlecode\json-simple\json-simple\1.1.1\json-simple-1.1.1.jar;C:\Users\Usuario\.m2\repository\junit\junit\4.10\junit-4.10.jar;C:\Users\Usuario\.m2\repository\org\hamcrest\hamcrest-core\1.1\hamcrest-core-1.1.jar;C:\Users\Usuario\.m2\repository\org\glassfish\jersey\media\jersey-media-json-jackson\2.32\jersey-media-json-jackson-2.32.jar;C:\Users\Usuario\.m2\repository\org\glassfish\jersey\core\jersey-common\2.32\jersey-common-2.32.jar;C:\Users\Usuario\.m2\repository\jakarta\ws\rs\jakarta.ws.rs-api\2.1.6\jakarta.ws.rs-api-2.1.6.jar;C:\Users\Usuario\.m2\repository\jakarta\annotation\jakarta.annotation-api\1.3.5\jakarta.annotation-api-1.3.5.jar;C:\Users\Usuario\.m2\repository\org\glassfish\hk2\external\jakarta.inject\2.6.1\jakarta.inject-2.6.1.jar;C:\Users\Usuario\.m2\repository\org\glassfish\hk2\osgi-resource-locator\1.0.3\osgi-resource-locator-1.0.3.jar;C:\Users\Usuario\.m2\repository\org\glassfish\jersey\ext\jersey-entity-filtering\2.32\jersey-entity-filtering-2.32.jar;C:\Users\Usuario\.m2\repository\com\fasterxml\jackson\core\jackson-annotations\2.10.1\jackson-annotations-2.10.1.jar;C:\Users\Usuario\.m2\repository\com\fasterxml\jackson\core\jackson-databind\2.10.1\jackson-databind-2.10.1.jar;C:\Users\Usuario\.m2\repository\com\fasterxml\jackson\module\jackson-module-jaxb-annotations\2.10.1\jackson-module-jaxb-annotations-2.10.1.jar;C:\Users\Usuario\.m2\repository\jakarta\xml\bind\jakarta.xml.bind-api\2.3.2\jakarta.xml.bind-api-2.3.2.jar;C:\Users\Usuario\.m2\repository\jakarta\activation\jakarta.activation-api\1.2.1\jakarta.activation-api-1.2.1.jar;C:\Users\Usuario\.m2\repository\com\fasterxml\jackson\jaxrs\jackson-jaxrs-json-provider\2.6.1\jackson-jaxrs-json-provider-2.6.1.jar;C:\Users\Usuario\.m2\repository\com\fasterxml\jackson\jaxrs\jackson-jaxrs-base\2.6.1\jackson-jaxrs-base-2.6.1.jar;C:\Users\Usuario\.m2\repository\com\fasterxml\jackson\core\jackson-core\2.6.1\jackson-core-2.6.1.jar;C:\Users\Usuario\.m2\repository\com\google\code\gson\gson\2.8.6\gson-2.8.6.jar;C:\Users\Usuario\.m2\repository\org\apache\axis\axis\1.4\axis-1.4.jar;C:\Users\Usuario\.m2\repository\org\json\json\20210307\json-20210307.jar;"/>
    <property name="java.vm.vendor" value="Oracle Corporation"/>
    <property name="sun.arch.data.model" value="64"/>
    <property name="user.variant" value=""/>
    <property name="java.vendor.url" value="http://java.oracle.com/"/>
    <property name="user.timezone" value="America/Mexico_City"/>
    <property name="java.vm.specification.version" value="1.8"/>
    <property name="os.name" value="Windows 10"/>
    <property name="user.country" value="MX"/>
    <property name="sun.java.launcher" value="SUN_STANDARD"/>
    <property name="sun.boot.library.path" value="C:\Program Files\Java\jdk1.8.0_291\jre\bin"/>
    <property name="sun.java.command" value="C:\Users\Usuario\AppData\Local\Temp\surefire2649673855210649608\surefirebooter8282186389915973837.jar C:\Users\Usuario\AppData\Local\Temp\surefire2649673855210649608 2021-10-01T13-04-47_980-jvmRun1 surefire1747713361835055666tmp surefire_4574626155854459054tmp"/>
    <property name="surefire.test.class.path" value="C:\workMetalsa\metalsaFacWebLogic\metalsa-billing\mtlsa-billing-service\target\test-classes;C:\workMetalsa\metalsaFacWebLogic\metalsa-billing\mtlsa-billing-service\target\classes;C:\workMetalsa\metalsaFacWebLogic\metalsa-billing\mtsla-billing-dao\target\mtsla-billing-dao-1.0.1.jar;C:\Users\Usuario\.m2\repository\javax\ejb\ejb-api\3.0\ejb-api-3.0.jar;C:\workMetalsa\metalsaFacWebLogic\metalsa-billing\mtlsa-billing-entity\target\mtlsa-billing-entity-1.0.1.jar;C:\workMetalsa\metalsaFacWebLogic\metalsa-billing\mtlsa-billing-utils\target\mtlsa-billing-utils-1.0.1.jar;C:\Users\Usuario\.m2\repository\commons-net\commons-net\3.6\commons-net-3.6.jar;C:\Users\Usuario\.m2\repository\log4j\log4j\1.2.17\log4j-1.2.17.jar;C:\Users\Usuario\.m2\repository\com\jcraft\jsch\0.1.54\jsch-0.1.54.jar;C:\Users\Usuario\.m2\repository\org\apache\logging\log4j\log4j-core\2.14.0\log4j-core-2.14.0.jar;C:\Users\Usuario\.m2\repository\org\apache\logging\log4j\log4j-api\2.14.0\log4j-api-2.14.0.jar;C:\workMetalsa\metalsaFacWebLogic\metalsa-billing\mtlsa-billing-dto\target\mtlsa-billing-dto-1.0.1.jar;C:\workMetalsa\metalsaFacWebLogic\metalsa-billing\mtlsa-billing-client\target\mtlsa-billing-client-1.0.1.jar;C:\Users\Usuario\.m2\repository\org\apache\clerezza\ext\org.json.simple\0.4\org.json.simple-0.4.jar;C:\Users\Usuario\.m2\repository\com\googlecode\json-simple\json-simple\1.1.1\json-simple-1.1.1.jar;C:\Users\Usuario\.m2\repository\junit\junit\4.10\junit-4.10.jar;C:\Users\Usuario\.m2\repository\org\hamcrest\hamcrest-core\1.1\hamcrest-core-1.1.jar;C:\Users\Usuario\.m2\repository\org\glassfish\jersey\media\jersey-media-json-jackson\2.32\jersey-media-json-jackson-2.32.jar;C:\Users\Usuario\.m2\repository\org\glassfish\jersey\core\jersey-common\2.32\jersey-common-2.32.jar;C:\Users\Usuario\.m2\repository\jakarta\ws\rs\jakarta.ws.rs-api\2.1.6\jakarta.ws.rs-api-2.1.6.jar;C:\Users\Usuario\.m2\repository\jakarta\annotation\jakarta.annotation-api\1.3.5\jakarta.annotation-api-1.3.5.jar;C:\Users\Usuario\.m2\repository\org\glassfish\hk2\external\jakarta.inject\2.6.1\jakarta.inject-2.6.1.jar;C:\Users\Usuario\.m2\repository\org\glassfish\hk2\osgi-resource-locator\1.0.3\osgi-resource-locator-1.0.3.jar;C:\Users\Usuario\.m2\repository\org\glassfish\jersey\ext\jersey-entity-filtering\2.32\jersey-entity-filtering-2.32.jar;C:\Users\Usuario\.m2\repository\com\fasterxml\jackson\core\jackson-annotations\2.10.1\jackson-annotations-2.10.1.jar;C:\Users\Usuario\.m2\repository\com\fasterxml\jackson\core\jackson-databind\2.10.1\jackson-databind-2.10.1.jar;C:\Users\Usuario\.m2\repository\com\fasterxml\jackson\module\jackson-module-jaxb-annotations\2.10.1\jackson-module-jaxb-annotations-2.10.1.jar;C:\Users\Usuario\.m2\repository\jakarta\xml\bind\jakarta.xml.bind-api\2.3.2\jakarta.xml.bind-api-2.3.2.jar;C:\Users\Usuario\.m2\repository\jakarta\activation\jakarta.activation-api\1.2.1\jakarta.activation-api-1.2.1.jar;C:\Users\Usuario\.m2\repository\com\fasterxml\jackson\jaxrs\jackson-jaxrs-json-provider\2.6.1\jackson-jaxrs-json-provider-2.6.1.jar;C:\Users\Usuario\.m2\repository\com\fasterxml\jackson\jaxrs\jackson-jaxrs-base\2.6.1\jackson-jaxrs-base-2.6.1.jar;C:\Users\Usuario\.m2\repository\com\fasterxml\jackson\core\jackson-core\2.6.1\jackson-core-2.6.1.jar;C:\Users\Usuario\.m2\repository\com\google\code\gson\gson\2.8.6\gson-2.8.6.jar;C:\Users\Usuario\.m2\repository\org\apache\axis\axis\1.4\axis-1.4.jar;C:\Users\Usuario\.m2\repository\org\json\json\20210307\json-20210307.jar;"/>
    <property name="sun.cpu.endian" value="little"/>
    <property name="user.home" value="C:\Users\Usuario"/>
    <property name="user.language" value="es"/>
    <property name="java.specification.vendor" value="Oracle Corporation"/>
    <property name="java.home" value="C:\Program Files\Java\jdk1.8.0_291\jre"/>
    <property name="basedir" value="C:\workMetalsa\metalsaFacWebLogic\metalsa-billing\mtlsa-billing-service"/>
    <property name="file.separator" value="\"/>
    <property name="line.separator" value="&#10;"/>
    <property name="java.vm.specification.vendor" value="Oracle Corporation"/>
    <property name="java.specification.name" value="Java Platform API Specification"/>
    <property name="java.awt.graphicsenv" value="sun.awt.Win32GraphicsEnvironment"/>
    <property name="surefire.real.class.path" value="C:\Users\Usuario\AppData\Local\Temp\surefire2649673855210649608\surefirebooter8282186389915973837.jar"/>
    <property name="sun.boot.class.path" value="C:\Program Files\Java\jdk1.8.0_291\jre\lib\resources.jar;C:\Program Files\Java\jdk1.8.0_291\jre\lib\rt.jar;C:\Program Files\Java\jdk1.8.0_291\jre\lib\sunrsasign.jar;C:\Program Files\Java\jdk1.8.0_291\jre\lib\jsse.jar;C:\Program Files\Java\jdk1.8.0_291\jre\lib\jce.jar;C:\Program Files\Java\jdk1.8.0_291\jre\lib\charsets.jar;C:\Program Files\Java\jdk1.8.0_291\jre\lib\jfr.jar;C:\Program Files\Java\jdk1.8.0_291\jre\classes"/>
    <property name="user.script" value=""/>
    <property name="sun.management.compiler" value="HotSpot 64-Bit Tiered Compilers"/>
    <property name="java.runtime.version" value="1.8.0_291-b10"/>
    <property name="user.name" value="Usuario"/>
    <property name="path.separator" value=";"/>
    <property name="os.version" value="10.0"/>
    <property name="java.endorsed.dirs" value="C:\Program Files\Java\jdk1.8.0_291\jre\lib\endorsed"/>
    <property name="java.runtime.name" value="Java(TM) SE Runtime Environment"/>
    <property name="file.encoding" value="Cp1252"/>
    <property name="java.vm.name" value="Java HotSpot(TM) 64-Bit Server VM"/>
    <property name="localRepository" value="C:\Users\Usuario\.m2\repository"/>
    <property name="java.vendor.url.bug" value="http://bugreport.sun.com/bugreport/"/>
    <property name="java.io.tmpdir" value="C:\Users\Usuario\AppData\Local\Temp\"/>
    <property name="java.version" value="1.8.0_291"/>
    <property name="user.dir" value="C:\workMetalsa\metalsaFacWebLogic\metalsa-billing\mtlsa-billing-service"/>
    <property name="os.arch" value="amd64"/>
    <property name="java.vm.specification.name" value="Java Virtual Machine Specification"/>
    <property name="java.awt.printerjob" value="sun.awt.windows.WPrinterJob"/>
    <property name="sun.os.patch.level" value=""/>
    <property name="java.library.path" value="C:\Program Files\Java\jdk1.8.0_291\jre\bin;C:\Windows\Sun\Java\bin;C:\Windows\system32;C:\Windows;C:\Program Files (x86)\Common Files\Oracle\Java\javapath;C:\Windows\system32;C:\Windows;C:\Windows\System32\Wbem;C:\Windows\System32\WindowsPowerShell\v1.0\;C:\Windows\System32\OpenSSH\;C:\Program Files\Java\jdk1.8.0_291\bin;C:\apache-maven-3.8.1\bin;C:\Program Files\TortoiseSVN\bin;C:\Program Files (x86)\Microsoft SQL Server\150\DTS\Binn\;C:\Program Files\Azure Data Studio\bin;C:\Users\Usuario\AppData\Local\Microsoft\WindowsApps;C:\Users\Usuario\AppData\Local\gitkraken\bin;C:\Program Files\Azure Data Studio\bin;."/>
    <property name="java.vm.info" value="mixed mode"/>
    <property name="java.vendor" value="Oracle Corporation"/>
    <property name="java.vm.version" value="25.291-b10"/>
    <property name="java.ext.dirs" value="C:\Program Files\Java\jdk1.8.0_291\jre\lib\ext;C:\Windows\Sun\Java\lib\ext"/>
    <property name="sun.io.unicode.encoding" value="UnicodeLittle"/>
    <property name="java.class.version" value="52.0"/>
  </properties>
  <testcase name="shouldAnswerWithTrue" classname="mx.com.mtlsa.billing.service.AppTest" time="0.002"/>
</testsuite>